<?xml version="1.0" encoding="UTF-8"?>
<testng-results skipped="1" failed="0" ignored="0" total="1" passed="0">
  <reporter-output>
  </reporter-output>
  <suite name="Test Trending Category" duration-ms="12" started-at="2017-03-11T21:08:47Z" finished-at="2017-03-11T21:08:47Z">
    <groups>
    </groups>
    <test name="Choose Song On &#039;Trending&#039; Category" duration-ms="12" started-at="2017-03-11T21:08:47Z" finished-at="2017-03-11T21:08:47Z">
      <class name="TrendingCategory.ChooseSong">
        <test-method status="FAIL" signature="Initialize()[pri:0, instance:TrendingCategory.ChooseSong@246ae04d]" name="Initialize" is-config="true" duration-ms="0" started-at="2017-03-11T23:07:22Z" finished-at="2017-03-11T23:07:22Z">
          <exception class="java.lang.Exception">
            <message>
              <![CDATA[Failed to configure android driver for native app]]>
            </message>
            <full-stacktrace>
              <![CDATA[java.lang.Exception: Failed to configure android driver for native app
	at utilities.BasicMethodsAndroidMobile.configureDriverForAndroidNativeApp(BasicMethodsAndroidMobile.java:88)
	at TrendingCategory.ChooseSong.Initialize(ChooseSong.java:81)
	at sun.reflect.NativeMethodAccessorImpl.invoke0(Native Method)
	at sun.reflect.NativeMethodAccessorImpl.invoke(NativeMethodAccessorImpl.java:62)
	at sun.reflect.DelegatingMethodAccessorImpl.invoke(DelegatingMethodAccessorImpl.java:43)
	at java.lang.reflect.Method.invoke(Method.java:498)
	at org.testng.internal.MethodInvocationHelper.invokeMethod(MethodInvocationHelper.java:104)
	at org.testng.internal.Invoker.invokeConfigurationMethod(Invoker.java:515)
	at org.testng.internal.Invoker.invokeConfigurations(Invoker.java:217)
	at org.testng.internal.Invoker.invokeConfigurations(Invoker.java:144)
	at org.testng.SuiteRunner.privateRun(SuiteRunner.java:326)
	at org.testng.SuiteRunner.run(SuiteRunner.java:289)
	at org.testng.SuiteRunnerWorker.runSuite(SuiteRunnerWorker.java:52)
	at org.testng.SuiteRunnerWorker.run(SuiteRunnerWorker.java:86)
	at org.testng.TestNG.runSuitesSequentially(TestNG.java:1293)
	at org.testng.TestNG.runSuitesLocally(TestNG.java:1218)
	at org.testng.TestNG.runSuites(TestNG.java:1133)
	at org.testng.TestNG.run(TestNG.java:1104)
	at org.apache.maven.surefire.testng.TestNGExecutor.run(TestNGExecutor.java:281)
	at org.apache.maven.surefire.testng.TestNGXmlTestSuite.execute(TestNGXmlTestSuite.java:75)
	at org.apache.maven.surefire.testng.TestNGProvider.invoke(TestNGProvider.java:121)
	at org.apache.maven.surefire.booter.ForkedBooter.invokeProviderInSameClassLoader(ForkedBooter.java:290)
	at org.apache.maven.surefire.booter.ForkedBooter.runSuitesInProcess(ForkedBooter.java:242)
	at org.apache.maven.surefire.booter.ForkedBooter.main(ForkedBooter.java:121)
]]>
            </full-stacktrace>
          </exception> <!-- java.lang.Exception -->
          <reporter-output>
          </reporter-output>
        </test-method> <!-- Initialize -->
        <test-method status="SKIP" signature="chooseSongOnTrendingCategory()[pri:0, instance:TrendingCategory.ChooseSong@246ae04d]" name="chooseSongOnTrendingCategory" duration-ms="1" started-at="2017-03-11T23:08:47Z" finished-at="2017-03-11T23:08:47Z">
          <exception class="java.lang.Exception">
            <message>
              <![CDATA[Failed to configure android driver for native app]]>
            </message>
            <full-stacktrace>
              <![CDATA[java.lang.Exception: Failed to configure android driver for native app
	at utilities.BasicMethodsAndroidMobile.configureDriverForAndroidNativeApp(BasicMethodsAndroidMobile.java:88)
	at TrendingCategory.ChooseSong.Initialize(ChooseSong.java:81)
	at sun.reflect.NativeMethodAccessorImpl.invoke0(Native Method)
	at sun.reflect.NativeMethodAccessorImpl.invoke(NativeMethodAccessorImpl.java:62)
	at sun.reflect.DelegatingMethodAccessorImpl.invoke(DelegatingMethodAccessorImpl.java:43)
	at java.lang.reflect.Method.invoke(Method.java:498)
	at org.testng.internal.MethodInvocationHelper.invokeMethod(MethodInvocationHelper.java:104)
	at org.testng.internal.Invoker.invokeConfigurationMethod(Invoker.java:515)
	at org.testng.internal.Invoker.invokeConfigurations(Invoker.java:217)
	at org.testng.internal.Invoker.invokeConfigurations(Invoker.java:144)
	at org.testng.SuiteRunner.privateRun(SuiteRunner.java:326)
	at org.testng.SuiteRunner.run(SuiteRunner.java:289)
	at org.testng.SuiteRunnerWorker.runSuite(SuiteRunnerWorker.java:52)
	at org.testng.SuiteRunnerWorker.run(SuiteRunnerWorker.java:86)
	at org.testng.TestNG.runSuitesSequentially(TestNG.java:1293)
	at org.testng.TestNG.runSuitesLocally(TestNG.java:1218)
	at org.testng.TestNG.runSuites(TestNG.java:1133)
	at org.testng.TestNG.run(TestNG.java:1104)
	at org.apache.maven.surefire.testng.TestNGExecutor.run(TestNGExecutor.java:281)
	at org.apache.maven.surefire.testng.TestNGXmlTestSuite.execute(TestNGXmlTestSuite.java:75)
	at org.apache.maven.surefire.testng.TestNGProvider.invoke(TestNGProvider.java:121)
	at org.apache.maven.surefire.booter.ForkedBooter.invokeProviderInSameClassLoader(ForkedBooter.java:290)
	at org.apache.maven.surefire.booter.ForkedBooter.runSuitesInProcess(ForkedBooter.java:242)
	at org.apache.maven.surefire.booter.ForkedBooter.main(ForkedBooter.java:121)
]]>
            </full-stacktrace>
          </exception> <!-- java.lang.Exception -->
          <reporter-output>
          </reporter-output>
        </test-method> <!-- chooseSongOnTrendingCategory -->
        <test-method status="SKIP" signature="afterMethod(org.testng.ITestResult)[pri:0, instance:TrendingCategory.ChooseSong@246ae04d]" name="afterMethod" is-config="true" duration-ms="0" started-at="2017-03-11T23:08:47Z" finished-at="2017-03-11T23:08:47Z">
          <reporter-output>
          </reporter-output>
        </test-method> <!-- afterMethod -->
        <test-method status="SKIP" signature="clean()[pri:0, instance:TrendingCategory.ChooseSong@246ae04d]" name="clean" is-config="true" duration-ms="0" started-at="2017-03-11T23:08:47Z" finished-at="2017-03-11T23:08:47Z">
          <reporter-output>
          </reporter-output>
        </test-method> <!-- clean -->
      </class> <!-- TrendingCategory.ChooseSong -->
    </test> <!-- Choose Song On 'Trending' Category -->
  </suite> <!-- Test Trending Category -->
</testng-results>
