<?xml version="1.0" encoding="UTF-8"?>
<testsuite xmlns:xsi="http://www.w3.org/2001/XMLSchema-instance" xsi:schemaLocation="https://maven.apache.org/surefire/maven-surefire-plugin/xsd/surefire-test-report.xsd" name="TestSuite" time="86.53" tests="4" errors="0" skipped="3" failures="1">
  <properties>
[...]
</properties>
  <testcase name="Initialize" classname="TrendingCategory.ChooseSong" time="86.02">
    <failure message="Failed to configure android driver for native app" type="java.lang.Exception">java.lang.Exception: Failed to configure android driver for native app
	at TrendingCategory.ChooseSong.Initialize(ChooseSong.java:81)
</failure>
    <system-out><![CDATA[[TestNGContentHandler] [WARN] It is strongly recommended to add "<!DOCTYPE suite SYSTEM "http://testng.org/testng-1.0.dtd" >" at the top of your file, otherwise TestNG may fail or not work as expected.
[Appium] Welcome to Appium v1.6.1
[Appium] Non-default server args:
[Appium]   log: 'C:\\Users\\leonid\\workspace\\MobileAndroid\\appiumLogs\\Test Trending Category.txt'
[Appium] Appium REST http interface listener started on 0.0.0.0:4723
[HTTP] --> GET /wd/hub/status {}
[debug] [MJSONWP] Calling AppiumDriver.getStatus() with args: []
[debug] [MJSONWP] Responding to client with driver.getStatus() result: {"build":{"version":"1.6.1","revision":null}}
[HTTP] <-- GET /wd/hub/status 200 53 ms - 83 
[HTTP] --> POST /wd/hub/session {"capabilities":{"desiredCapabilities":{"app":"C:\\Users\\leonid\\workspace\\MobileAndroid\\apks\\raaga.apk","platformName":"Android","deviceName":"Android device","newCommandTimeout":"700"},"requiredCapabilities":{}},"desiredCapabilities":{"app":"C:\\Users\\leonid\\workspace\\MobileAndroid\\apks\\raaga.apk","platformName":"Android","deviceName":"Android device","newCommandTimeout":"700"},"requiredCapabilities":{}}
[debug] [MJSONWP] Calling AppiumDriver.createSession() with args: [{"app":"C:\\Users\\leonid\\workspace\\MobileAndroid\\apks\\raaga.apk","platformName":"Android","deviceName":"Android device","newCommandTimeout":"700"},{},{"desiredCapabilities":{"app":"C:\\Users\\leonid\\workspace\\MobileAndroid\\apks\\raaga.apk","platformName":"Android","deviceName":"Android device","newCommandTimeout":"700"},"requiredCapabilities":{}},null,null]
[Appium] Creating new AndroidDriver session
[Appium] Capabilities:
[Appium]   app: 'C:\\Users\\leonid\\workspace\\MobileAndroid\\apks\\raaga.apk'
[Appium]   platformName: 'Android'
[Appium]   deviceName: 'Android device'
[Appium]   newCommandTimeout: '700'
[debug] [AndroidDriver] AndroidDriver version: 1.10.35
[BaseDriver] Capability 'newCommandTimeout' changed from string ('700') to integer (700). This may cause unexpected behavior
[BaseDriver] Session created with session id: 0370f1ab-a3dd-4127-a6d9-46083be68348
[debug] [AndroidDriver] Getting Java version
[AndroidDriver] Java version is: 1.8.0_121
[ADB] Checking whether adb is present
[ADB] Using adb.exe from C:\Users\leonid\AppData\Local\Android\sdk\platform-tools\adb.exe
[AndroidDriver] Retrieving device list
[debug] [ADB] Trying to find a connected android device
[debug] [ADB] Getting connected devices...
[debug] [ADB] 0 device(s) connected
[debug] [ADB] Could not find devices, restarting adb server...
[debug] [ADB] Restarting adb
[debug] [ADB] Getting connected devices...
[debug] [ADB] 0 device(s) connected
[debug] [ADB] Could not find devices, restarting adb server...
[debug] [ADB] Restarting adb
[debug] [ADB] Getting connected devices...
[debug] [ADB] 0 device(s) connected
[debug] [ADB] Could not find devices, restarting adb server...
[debug] [ADB] Restarting adb
[debug] [ADB] Getting connected devices...
[debug] [ADB] 0 device(s) connected
[debug] [ADB] Could not find devices, restarting adb server...
[debug] [ADB] Restarting adb
[debug] [ADB] Getting connected devices...
[debug] [ADB] 0 device(s) connected
[debug] [ADB] Could not find devices, restarting adb server...
[debug] [ADB] Restarting adb
[debug] [ADB] Could not find devices, restarting adb server...
[debug] [ADB] Restarting adb
[debug] [ADB] Could not find devices, restarting adb server...
[debug] [ADB] Restarting adb
[debug] [ADB] Could not find devices, restarting adb server...
[debug] [ADB] Restarting adb
[debug] [ADB] Could not find devices, restarting adb server...
[debug] [ADB] Restarting adb
[debug] [ADB] Could not find devices, restarting adb server...
[debug] [ADB] Restarting adb
[debug] [AndroidDriver] Shutting down Android driver
[debug] [AndroidDriver] Called deleteSession but bootstrap wasn't active
[MJSONWP] Encountered internal error running command: Error: Could not find a connected Android device.
    at ADB.getDevices$ (lib/tools/system-calls.js:127:13)
    at tryCatch (C:\Users\leonid\AppData\Roaming\npm\node_modules\appium\node_modules\babel-runtime\regenerator\runtime.js:67:40)
    at GeneratorFunctionPrototype.invoke [as _invoke] (C:\Users\leonid\AppData\Roaming\npm\node_modules\appium\node_modules\babel-runtime\regenerator\runtime.js:315:22)
    at GeneratorFunctionPrototype.prototype.(anonymous function) [as next] (C:\Users\leonid\AppData\Roaming\npm\node_modules\appium\node_modules\babel-runtime\regenerator\runtime.js:100:21)
    at invoke (C:\Users\leonid\AppData\Roaming\npm\node_modules\appium\node_modules\babel-runtime\regenerator\runtime.js:136:37)
    at enqueueResult (C:\Users\leonid\AppData\Roaming\npm\node_modules\appium\node_modules\babel-runtime\regenerator\runtim[HTTP] <-- POST /wd/hub/session 500 29147 ms - 179 
e.js:185:17)
    at Promise.F (C:\Users\leonid\AppData\Roaming\npm\node_modules\appium\node_modules\core-js\library\modules\$.export.js:30:36)
    at AsyncIterator.enqueue (C:\Users\leonid\AppData\Roaming\npm\node_modules\appium\node_modules\babel-runtime\regenerator\runtime.js:184:12)
    at AsyncIterator.prototype.(anonymous function) [as next] (C:\Users\leonid\AppData\Roaming\npm\node_modules\appium\node_modules\babel-runtime\regenerator\runtime.js:100:21)
    at Object.runtime.async (C:\Users\leonid\AppData\Roaming\npm\node_modules\appium\node_modules\babel-runtime\regenerator\runtime.js:209:12)
    at getDevices (lib/tools/system-calls.js:130:18)
    at ADB.getDevices$ (lib/tools/system-calls.js:14[HTTP] --> POST /wd/hub/session {"desiredCapabilities":{"app":"C:\\Users\\leonid\\workspace\\MobileAndroid\\apks\\raaga.apk","platformName":"Android","deviceName":"Android device","newCommandTimeout":"700"},"requiredCapabilities":{}}
[debug] [MJSONWP] Calling AppiumDriver.createSession() with args: [{"app":"C:\\Users\\leonid\\workspace\\MobileAndroid\\apks\\raaga.apk","platformName":"Android","deviceName":"Android device","newCommandTimeout":"700"},{},null,null,null,null,null]
[Appium] Creating new AndroidDriver session
[Appium] Capabilities:
[Appium]   app: 'C:\\Users\\leonid\\workspace\\MobileAndroid\\apks\\raaga.apk'
[Appium]   platformName: 'Android'
[Appium]   deviceName: 'Android device'
[Appium]   newCommandTimeout: '700'
[debug] [AndroidDriver] AndroidDriver version: 1.10.35
[BaseDriver] Capability 'newCommandTimeout' changed from string ('700') to integer (700). This may cause unexpected behavior
[BaseDriver] Session created with session id: 5cf7f03f-6931-4119-8591-e1235ce02305
[debug] [AndroidDriver] Getting Java version
4:20)
    at tryCatch (C:\Users\leonid\AppData\Roaming\npm\node_modules\appium\node_modules\babel-runtime\regenerator\runtime.js:67:40)
    at GeneratorFunctionPrototype.invoke [as _invoke] (C:\Users\leonid\AppData\Roaming\npm\node_modules\appium\node_modules\babel-runtime\regenerator\runtime.js:315:22)
    at GeneratorFunctionPrototype.prototype.(anonymous function) [as next] (C:\Users\leonid\AppData\Roaming\npm\node_modules\appium\node_modules\babel-runtime\regenerator\runtime.js:100:21)
    at GeneratorFunctionPrototype.invoke (C:\Users\leonid\AppData\Roaming\npm\node_modules\appium\node_modules\babel-runtime\regenerator\runtime.js:136:37)
[AndroidDriver] Java version is: 1.8.0_121
[ADB] Checking whether adb is present
[ADB] Using adb.exe from C:\Users\leonid\AppData\Local\Android\sdk\platform-tools\adb.exe
[AndroidDriver] Retrieving device list
[debug] [ADB] Trying to find a connected android device
[debug] [ADB] Getting connected devices...
[debug] [ADB] 0 device(s) connected
[debug] [ADB] Could not find devices, restarting adb server...
[debug] [ADB] Restarting adb
[debug] [ADB] Getting connected devices...
[debug] [ADB] 0 device(s) connected
[debug] [ADB] Could not find devices, restarting adb server...
[debug] [ADB] Restarting adb
[debug] [ADB] Getting connected devices...
[debug] [ADB] 0 device(s) connected
[debug] [ADB] Could not find devices, restarting adb server...
[debug] [ADB] Restarting adb
[debug] [ADB] Getting connected devices...
[debug] [ADB] 0 device(s) connected
[debug] [ADB] Could not find devices, restarting adb server...
[debug] [ADB] Restarting adb
[debug] [ADB] Getting connected devices...
[debug] [ADB] 0 device(s) connected
[debug] [ADB] Could not find devices, restarting adb server...
[debug] [ADB] Restarting adb
[debug] [ADB] Could not find devices, restarting adb server...
[debug] [ADB] Restarting adb
[debug] [ADB] Could not find devices, restarting adb server...
[debug] [ADB] Restarting adb
[debug] [ADB] Could not find devices, restarting adb server...
[debug] [ADB] Restarting adb
[debug] [ADB] Could not find devices, restarting adb server...
[debug] [ADB] Restarting adb
[debug] [ADB] Could not find devices, restarting adb server...
[debug] [ADB] Restarting adb
[debug] [AndroidDriver] Shutting down Android driver
[debug] [AndroidDriver] Called deleteSession but bootstrap wasn't active
[MJSONWP] Encountered internal error running command: Error: Could not find a connected Android device.
    at ADB.getDevices$ (lib/tools/system-calls.js:127:13)
    at tryCatch (C:\Users\leonid\AppData\Roaming\npm\node_modules\appium\node_modules\babel-runtime\regenerator\runtime.js:67:40)
    at GeneratorFunctionPrototype.invoke [as _invoke] (C:\Users\leonid\AppData\Roaming\npm\node_modules\appium\node_modules\babel-runtime\regenerator\runtime.js:315:22)
    at GeneratorFunctionPrototype.prototype.(anonymous function) [as next] (C:\Users\leonid\AppData\Roaming\npm\node_modules\appium\node_modules\babel-runtime\regenerator\runtime.js:100:21)
    at invoke (C:\Users\leonid\AppData\Roaming\npm\node_modules\appium\node_modules\babel-runtime\regenerator\runtime.js:136:37)
    at enqueueResult (C:\Users\leonid\AppData\Roaming\npm\node_modules\appium\node_modules\babel-runtime\regenerator\runtime.js:185:17)
    at Promise.F (C:\Users\leonid\AppData\Roaming\npm\node_modules\appium\node_modules\core-js\library\modules\$.export.js:30:36)
    at AsyncIterator.enqueue (C:\Users\leonid\AppData\Roaming\npm\node_modules\appium\node_modules\babel-runtime\regenerator\runtime.js:184:12)
    at AsyncIterator.prototype.(anonymous function) [as next] (C:\Users\leonid\AppData\Roaming\npm\node_modules\appium\node_modules\babel-runtime\regenerator\runtime.js:100:21)
    at Object.runtime.async (C:\Users\leonid\AppData\Roaming\npm\node_modules\appium\node_modules\babel-runtime\regenerator\runtime.js:209:12)
    at getDevices (lib/tools/system-calls.js:130:18)
    at ADB.getDevices$ (lib/tools/system-calls.js:144:20)
    at tryCatch (C:\Users\leonid\AppData\Roaming\npm\node_modules\appium\node_modules\babel-runtime\regenerator\runtime.js:67:40)
    at GeneratorFunc[HTTP] <-- POST /wd/hub/session 500 28303 ms - 179 
tionPrototype.invoke [as _invoke] (C:\Users\leonid\AppData\Roaming\npm\node_modules\appium\node_modules\babel-runtime\regenerator\runtime.js:315:22)
    at GeneratorFunctionPrototype.prototype.(anonymous function) [as next] (C:\Users\leonid\AppData\Roaming\npm\node_modules\app[HTTP] --> POST /wd/hub/session {"capabilities":{"desiredCapabilities":{"app":"C:\\Users\\leonid\\workspace\\MobileAndroid\\apks\\raaga.apk","platformName":"Android","deviceName":"Android device","newCommandTimeout":"700"},"requiredCapabilities":{}}}
ium\node_modules\babel-runtime\regenerator\runtime.js:100:21)
    at GeneratorFunctionPrototype.invoke (C:\Users\leonid\AppData\Roaming\npm\node_modules\appium\node_modules\babel-runtime\regenerator\runtime.js:136:37)
[debug] [MJSONWP] Bad parameters: BadParametersError: Parameters were incorrect. We wanted {"required":["desiredCapabilities"],"optional":["requiredCapabilities","capabilities","sessionId","id","sessionId","id","sessionId","id"]} and you sent ["capabilities"]
[HTTP] <-- POST /wd/hub/session 400 5 ms - 205 
]]></system-out>
    <system-err><![CDATA[מרץ 11, 2017 11:07:49 PM org.openqa.selenium.remote.ProtocolHandshake createSession
INFO: Attempting bi-dialect session, assuming Postel's Law holds true on the remote end
מרץ 11, 2017 11:08:19 PM org.openqa.selenium.remote.ProtocolHandshake createSession
INFO: Falling back to original OSS JSON Wire Protocol.
מרץ 11, 2017 11:08:47 PM org.openqa.selenium.remote.ProtocolHandshake createSession
INFO: Falling back to straight W3C remote end connection
]]></system-err>
  </testcase>
  <testcase name="chooseSongOnTrendingCategory" classname="TrendingCategory.ChooseSong" time="0">
    <skipped message="Failed to configure android driver for native app"/>
  </testcase>
  <testcase name="afterMethod" classname="TrendingCategory.ChooseSong" time="0">
    <skipped/>
  </testcase>
  <testcase name="clean" classname="TrendingCategory.ChooseSong" time="0">
    <skipped/>
  </testcase>
</testsuite>