<?xml version="1.0" encoding="UTF-8"?>
<!-- Generated by org.testng.reporters.JUnitXMLReporter -->
<testsuite hostname="leonid" ignored="0" name="Choose Song On &#039;Trending&#039; Category" tests="1" failures="0" timestamp="11 מרץ 2017 21:08:47 GMT" time="0.012" errors="0">
  <testcase name="@BeforeSuite Initialize" time="0.0" classname="TrendingCategory.ChooseSong">
    <failure type="java.lang.Exception" message="Failed to configure android driver for native app">
      <![CDATA[java.lang.Exception: Failed to configure android driver for native app
	at utilities.BasicMethodsAndroidMobile.configureDriverForAndroidNativeApp(BasicMethodsAndroidMobile.java:88)
	at TrendingCategory.ChooseSong.Initialize(ChooseSong.java:81)
... Removed 22 stack frames]]>
    </failure>
  </testcase> <!-- @BeforeSuite Initialize -->
  <testcase name="@AfterMethod afterMethod" time="0.0" classname="TrendingCategory.ChooseSong">
    <skipped/>
  </testcase> <!-- @AfterMethod afterMethod -->
  <testcase name="chooseSongOnTrendingCategory" time="0.001" classname="TrendingCategory.ChooseSong">
    <skipped/>
  </testcase> <!-- chooseSongOnTrendingCategory -->
</testsuite> <!-- Choose Song On 'Trending' Category -->
